{"/Users/tin/projects/stream-flow-async/stream-flow-async.js": {"path":"/Users/tin/projects/stream-flow-async/stream-flow-async.js","statementMap":{"0":{"start":{"line":1,"column":24},"end":{"line":42,"column":1}},"1":{"start":{"line":6,"column":24},"end":{"line":6,"column":26}},"2":{"start":{"line":8,"column":35},"end":{"line":12,"column":3}},"3":{"start":{"line":9,"column":4},"end":{"line":11,"column":5}},"4":{"start":{"line":10,"column":6},"end":{"line":10,"column":21}},"5":{"start":{"line":14,"column":36},"end":{"line":18,"column":3}},"6":{"start":{"line":15,"column":4},"end":{"line":17,"column":5}},"7":{"start":{"line":16,"column":6},"end":{"line":16,"column":22}},"8":{"start":{"line":20,"column":2},"end":{"line":41,"column":5}},"9":{"start":{"line":21,"column":31},"end":{"line":33,"column":5}},"10":{"start":{"line":22,"column":6},"end":{"line":22,"column":34}},"11":{"start":{"line":24,"column":6},"end":{"line":32,"column":11}},"12":{"start":{"line":26,"column":10},"end":{"line":26,"column":66}},"13":{"start":{"line":27,"column":10},"end":{"line":27,"column":38}},"14":{"start":{"line":30,"column":10},"end":{"line":30,"column":27}},"15":{"start":{"line":31,"column":10},"end":{"line":31,"column":24}},"16":{"start":{"line":35,"column":24},"end":{"line":38,"column":5}},"17":{"start":{"line":36,"column":6},"end":{"line":36,"column":41}},"18":{"start":{"line":37,"column":6},"end":{"line":37,"column":33}},"19":{"start":{"line":40,"column":4},"end":{"line":40,"column":74}},"20":{"start":{"line":44,"column":0},"end":{"line":46,"column":2}}},"fnMap":{"0":{"name":"(anonymous_0)","decl":{"start":{"line":1,"column":24},"end":{"line":1,"column":25}},"loc":{"start":{"line":5,"column":6},"end":{"line":42,"column":1}},"line":5},"1":{"name":"(anonymous_1)","decl":{"start":{"line":8,"column":35},"end":{"line":8,"column":36}},"loc":{"start":{"line":8,"column":41},"end":{"line":12,"column":3}},"line":8},"2":{"name":"(anonymous_2)","decl":{"start":{"line":14,"column":36},"end":{"line":14,"column":37}},"loc":{"start":{"line":14,"column":42},"end":{"line":18,"column":3}},"line":14},"3":{"name":"(anonymous_3)","decl":{"start":{"line":20,"column":21},"end":{"line":20,"column":22}},"loc":{"start":{"line":20,"column":42},"end":{"line":41,"column":3}},"line":20},"4":{"name":"(anonymous_4)","decl":{"start":{"line":21,"column":31},"end":{"line":21,"column":32}},"loc":{"start":{"line":21,"column":44},"end":{"line":33,"column":5}},"line":21},"5":{"name":"(anonymous_5)","decl":{"start":{"line":25,"column":14},"end":{"line":25,"column":15}},"loc":{"start":{"line":25,"column":20},"end":{"line":28,"column":9}},"line":25},"6":{"name":"(anonymous_6)","decl":{"start":{"line":29,"column":15},"end":{"line":29,"column":16}},"loc":{"start":{"line":29,"column":26},"end":{"line":32,"column":9}},"line":29},"7":{"name":"(anonymous_7)","decl":{"start":{"line":35,"column":24},"end":{"line":35,"column":25}},"loc":{"start":{"line":35,"column":35},"end":{"line":38,"column":5}},"line":35}},"branchMap":{"0":{"loc":{"start":{"line":4,"column":2},"end":{"line":4,"column":10}},"type":"default-arg","locations":[{"start":{"line":4,"column":9},"end":{"line":4,"column":10}}],"line":4},"1":{"loc":{"start":{"line":9,"column":4},"end":{"line":11,"column":5}},"type":"if","locations":[{"start":{"line":9,"column":4},"end":{"line":11,"column":5}},{"start":{"line":9,"column":4},"end":{"line":11,"column":5}}],"line":9},"2":{"loc":{"start":{"line":9,"column":8},"end":{"line":9,"column":58}},"type":"binary-expr","locations":[{"start":{"line":9,"column":8},"end":{"line":9,"column":36}},{"start":{"line":9,"column":40},"end":{"line":9,"column":58}}],"line":9},"3":{"loc":{"start":{"line":15,"column":4},"end":{"line":17,"column":5}},"type":"if","locations":[{"start":{"line":15,"column":4},"end":{"line":17,"column":5}},{"start":{"line":15,"column":4},"end":{"line":17,"column":5}}],"line":15},"4":{"loc":{"start":{"line":15,"column":8},"end":{"line":15,"column":56}},"type":"binary-expr","locations":[{"start":{"line":15,"column":8},"end":{"line":15,"column":35}},{"start":{"line":15,"column":39},"end":{"line":15,"column":56}}],"line":15}},"s":{"0":1,"1":3,"2":3,"3":11,"4":6,"5":3,"6":10,"7":5,"8":3,"9":3,"10":11,"11":11,"12":10,"13":10,"14":1,"15":1,"16":3,"17":11,"18":11,"19":3,"20":1},"f":{"0":3,"1":11,"2":10,"3":3,"4":11,"5":10,"6":1,"7":11},"b":{"0":[1],"1":[6,5],"2":[11,6],"3":[5,5],"4":[10,10]},"_coverageSchema":"1a1c01bbd47fc00a2c39e90264f33305004495a9","hash":"a496667090c33e67b1a9f35c4a992cf0e1691dad"}
}
