TN:
SF:stream-flow-async.js
FN:1,(anonymous_0)
FN:8,(anonymous_1)
FN:14,(anonymous_2)
FN:20,(anonymous_3)
FN:21,(anonymous_4)
FN:25,(anonymous_5)
FN:29,(anonymous_6)
FN:35,(anonymous_7)
FNF:8
FNH:8
FNDA:3,(anonymous_0)
FNDA:11,(anonymous_1)
FNDA:10,(anonymous_2)
FNDA:3,(anonymous_3)
FNDA:11,(anonymous_4)
FNDA:10,(anonymous_5)
FNDA:1,(anonymous_6)
FNDA:11,(anonymous_7)
DA:1,1
DA:6,3
DA:8,3
DA:9,11
DA:10,6
DA:14,3
DA:15,10
DA:16,5
DA:20,3
DA:21,3
DA:22,11
DA:24,11
DA:26,10
DA:27,10
DA:30,1
DA:31,1
DA:35,3
DA:36,11
DA:37,11
DA:40,3
DA:44,1
LF:21
LH:21
BRDA:4,0,0,1
BRDA:9,1,0,6
BRDA:9,1,1,5
BRDA:9,2,0,11
BRDA:9,2,1,6
BRDA:15,3,0,5
BRDA:15,3,1,5
BRDA:15,4,0,10
BRDA:15,4,1,10
BRF:9
BRH:9
end_of_record
